C:\Program Files (x86)\Microsoft Visual Studio\2019\Community\MSBuild\Microsoft\VC\v160\Microsoft.CppBuild.targets(438,5): warning MSB8004: Output Directory does not end with a trailing slash.  This build instance will add the slash as it is required to allow proper evaluation of the Output Directory.
  ecogame.cpp
C:\Users\Frederick\source\repos\EcoGameGodot\godot-cpp\include\core\Vector2.hpp(214,12): warning C4244: 'argument': conversion from 'double' to 'real_t', possible loss of data
C:\Users\Frederick\source\repos\EcoGameGodot\godot-cpp\include\core\Vector2.hpp(213,12): warning C4244: 'argument': conversion from 'double' to 'real_t', possible loss of data
C:\Users\Frederick\source\repos\EcoGameGodot\src\ecogame.cpp(50,10): warning C4244: 'initializing': conversion from 'double' to 'float', possible loss of data
C:\Users\Frederick\source\repos\EcoGameGodot\src\ecogame.cpp(57,46): warning C4244: 'return': conversion from 'double' to 'float', possible loss of data
C:\Users\Frederick\source\repos\EcoGameGodot\src\ecogame.cpp(247,10): warning C4244: 'initializing': conversion from 'double' to 'float', possible loss of data
C:\Users\Frederick\source\repos\EcoGameGodot\src\ecogame.cpp(248,10): warning C4244: 'initializing': conversion from 'double' to 'float', possible loss of data
C:\Users\Frederick\source\repos\EcoGameGodot\src\ecogame.cpp(256,14): warning C4244: 'initializing': conversion from 'real_t' to 'int', possible loss of data
C:\Users\Frederick\source\repos\EcoGameGodot\src\ecogame.cpp(257,14): warning C4244: 'initializing': conversion from 'real_t' to 'int', possible loss of data
C:\Users\Frederick\source\repos\EcoGameGodot\src\ecogame.cpp(258,14): warning C4244: 'initializing': conversion from 'real_t' to 'int', possible loss of data
C:\Users\Frederick\source\repos\EcoGameGodot\src\ecogame.cpp(266,70): warning C4244: 'argument': conversion from 'int' to 'real_t', possible loss of data
C:\Users\Frederick\source\repos\EcoGameGodot\src\ecogame.cpp(266,53): warning C4244: 'argument': conversion from 'int' to 'real_t', possible loss of data
C:\Users\Frederick\source\repos\EcoGameGodot\src\ecogame.cpp(266,36): warning C4244: 'argument': conversion from 'int' to 'real_t', possible loss of data
C:\Users\Frederick\source\repos\EcoGameGodot\src\ecogame.cpp(267,70): warning C4244: 'argument': conversion from 'int' to 'real_t', possible loss of data
C:\Users\Frederick\source\repos\EcoGameGodot\src\ecogame.cpp(267,53): warning C4244: 'argument': conversion from 'int' to 'real_t', possible loss of data
C:\Users\Frederick\source\repos\EcoGameGodot\src\ecogame.cpp(267,36): warning C4244: 'argument': conversion from 'int' to 'real_t', possible loss of data
C:\Users\Frederick\source\repos\EcoGameGodot\src\ecogame.cpp(268,70): warning C4244: 'argument': conversion from 'int' to 'real_t', possible loss of data
C:\Users\Frederick\source\repos\EcoGameGodot\src\ecogame.cpp(268,53): warning C4244: 'argument': conversion from 'int' to 'real_t', possible loss of data
C:\Users\Frederick\source\repos\EcoGameGodot\src\ecogame.cpp(268,36): warning C4244: 'argument': conversion from 'int' to 'real_t', possible loss of data
C:\Users\Frederick\source\repos\EcoGameGodot\src\ecogame.cpp(269,70): warning C4244: 'argument': conversion from 'int' to 'real_t', possible loss of data
C:\Users\Frederick\source\repos\EcoGameGodot\src\ecogame.cpp(269,53): warning C4244: 'argument': conversion from 'int' to 'real_t', possible loss of data
C:\Users\Frederick\source\repos\EcoGameGodot\src\ecogame.cpp(269,36): warning C4244: 'argument': conversion from 'int' to 'real_t', possible loss of data
C:\Users\Frederick\source\repos\EcoGameGodot\src\ecogame.cpp(272,70): warning C4244: 'argument': conversion from 'int' to 'real_t', possible loss of data
C:\Users\Frederick\source\repos\EcoGameGodot\src\ecogame.cpp(272,53): warning C4244: 'argument': conversion from 'int' to 'real_t', possible loss of data
C:\Users\Frederick\source\repos\EcoGameGodot\src\ecogame.cpp(272,36): warning C4244: 'argument': conversion from 'int' to 'real_t', possible loss of data
C:\Users\Frederick\source\repos\EcoGameGodot\src\ecogame.cpp(273,70): warning C4244: 'argument': conversion from 'int' to 'real_t', possible loss of data
C:\Users\Frederick\source\repos\EcoGameGodot\src\ecogame.cpp(273,53): warning C4244: 'argument': conversion from 'int' to 'real_t', possible loss of data
C:\Users\Frederick\source\repos\EcoGameGodot\src\ecogame.cpp(273,36): warning C4244: 'argument': conversion from 'int' to 'real_t', possible loss of data
C:\Users\Frederick\source\repos\EcoGameGodot\src\ecogame.cpp(274,70): warning C4244: 'argument': conversion from 'int' to 'real_t', possible loss of data
C:\Users\Frederick\source\repos\EcoGameGodot\src\ecogame.cpp(274,53): warning C4244: 'argument': conversion from 'int' to 'real_t', possible loss of data
C:\Users\Frederick\source\repos\EcoGameGodot\src\ecogame.cpp(274,36): warning C4244: 'argument': conversion from 'int' to 'real_t', possible loss of data
C:\Users\Frederick\source\repos\EcoGameGodot\src\ecogame.cpp(275,70): warning C4244: 'argument': conversion from 'int' to 'real_t', possible loss of data
C:\Users\Frederick\source\repos\EcoGameGodot\src\ecogame.cpp(275,53): warning C4244: 'argument': conversion from 'int' to 'real_t', possible loss of data
C:\Users\Frederick\source\repos\EcoGameGodot\src\ecogame.cpp(275,36): warning C4244: 'argument': conversion from 'int' to 'real_t', possible loss of data
C:\Users\Frederick\source\repos\EcoGameGodot\src\ecogame.cpp(285,10): warning C4244: 'initializing': conversion from 'double' to 'float', possible loss of data
C:\Users\Frederick\source\repos\EcoGameGodot\src\ecogame.cpp(286,10): warning C4244: 'initializing': conversion from 'double' to 'float', possible loss of data
C:\Users\Frederick\source\repos\EcoGameGodot\src\ecogame.cpp(293,14): warning C4244: 'initializing': conversion from 'real_t' to 'int', possible loss of data
C:\Users\Frederick\source\repos\EcoGameGodot\src\ecogame.cpp(294,14): warning C4244: 'initializing': conversion from 'real_t' to 'int', possible loss of data
C:\Users\Frederick\source\repos\EcoGameGodot\src\ecogame.cpp(295,14): warning C4244: 'initializing': conversion from 'real_t' to 'int', possible loss of data
C:\Users\Frederick\source\repos\EcoGameGodot\src\ecogame.cpp(303,70): warning C4244: 'argument': conversion from 'int' to 'real_t', possible loss of data
C:\Users\Frederick\source\repos\EcoGameGodot\src\ecogame.cpp(303,53): warning C4244: 'argument': conversion from 'int' to 'real_t', possible loss of data
C:\Users\Frederick\source\repos\EcoGameGodot\src\ecogame.cpp(303,36): warning C4244: 'argument': conversion from 'int' to 'real_t', possible loss of data
C:\Users\Frederick\source\repos\EcoGameGodot\src\ecogame.cpp(304,70): warning C4244: 'argument': conversion from 'int' to 'real_t', possible loss of data
C:\Users\Frederick\source\repos\EcoGameGodot\src\ecogame.cpp(304,53): warning C4244: 'argument': conversion from 'int' to 'real_t', possible loss of data
C:\Users\Frederick\source\repos\EcoGameGodot\src\ecogame.cpp(304,36): warning C4244: 'argument': conversion from 'int' to 'real_t', possible loss of data
C:\Users\Frederick\source\repos\EcoGameGodot\src\ecogame.cpp(305,70): warning C4244: 'argument': conversion from 'int' to 'real_t', possible loss of data
C:\Users\Frederick\source\repos\EcoGameGodot\src\ecogame.cpp(305,53): warning C4244: 'argument': conversion from 'int' to 'real_t', possible loss of data
C:\Users\Frederick\source\repos\EcoGameGodot\src\ecogame.cpp(305,36): warning C4244: 'argument': conversion from 'int' to 'real_t', possible loss of data
C:\Users\Frederick\source\repos\EcoGameGodot\src\ecogame.cpp(306,70): warning C4244: 'argument': conversion from 'int' to 'real_t', possible loss of data
C:\Users\Frederick\source\repos\EcoGameGodot\src\ecogame.cpp(306,53): warning C4244: 'argument': conversion from 'int' to 'real_t', possible loss of data
C:\Users\Frederick\source\repos\EcoGameGodot\src\ecogame.cpp(306,36): warning C4244: 'argument': conversion from 'int' to 'real_t', possible loss of data
C:\Users\Frederick\source\repos\EcoGameGodot\src\ecogame.cpp(309,70): warning C4244: 'argument': conversion from 'int' to 'real_t', possible loss of data
C:\Users\Frederick\source\repos\EcoGameGodot\src\ecogame.cpp(309,53): warning C4244: 'argument': conversion from 'int' to 'real_t', possible loss of data
C:\Users\Frederick\source\repos\EcoGameGodot\src\ecogame.cpp(309,36): warning C4244: 'argument': conversion from 'int' to 'real_t', possible loss of data
C:\Users\Frederick\source\repos\EcoGameGodot\src\ecogame.cpp(310,70): warning C4244: 'argument': conversion from 'int' to 'real_t', possible loss of data
C:\Users\Frederick\source\repos\EcoGameGodot\src\ecogame.cpp(310,53): warning C4244: 'argument': conversion from 'int' to 'real_t', possible loss of data
C:\Users\Frederick\source\repos\EcoGameGodot\src\ecogame.cpp(310,36): warning C4244: 'argument': conversion from 'int' to 'real_t', possible loss of data
C:\Users\Frederick\source\repos\EcoGameGodot\src\ecogame.cpp(311,70): warning C4244: 'argument': conversion from 'int' to 'real_t', possible loss of data
C:\Users\Frederick\source\repos\EcoGameGodot\src\ecogame.cpp(311,53): warning C4244: 'argument': conversion from 'int' to 'real_t', possible loss of data
C:\Users\Frederick\source\repos\EcoGameGodot\src\ecogame.cpp(311,36): warning C4244: 'argument': conversion from 'int' to 'real_t', possible loss of data
C:\Users\Frederick\source\repos\EcoGameGodot\src\ecogame.cpp(312,70): warning C4244: 'argument': conversion from 'int' to 'real_t', possible loss of data
C:\Users\Frederick\source\repos\EcoGameGodot\src\ecogame.cpp(312,53): warning C4244: 'argument': conversion from 'int' to 'real_t', possible loss of data
C:\Users\Frederick\source\repos\EcoGameGodot\src\ecogame.cpp(312,36): warning C4244: 'argument': conversion from 'int' to 'real_t', possible loss of data
C:\Users\Frederick\source\repos\EcoGameGodot\src\ecogame.cpp(322,10): warning C4244: 'initializing': conversion from 'double' to 'float', possible loss of data
C:\Users\Frederick\source\repos\EcoGameGodot\src\ecogame.cpp(323,10): warning C4244: 'initializing': conversion from 'double' to 'float', possible loss of data
C:\Users\Frederick\source\repos\EcoGameGodot\src\ecogame.cpp(330,14): warning C4244: 'initializing': conversion from 'real_t' to 'int', possible loss of data
C:\Users\Frederick\source\repos\EcoGameGodot\src\ecogame.cpp(331,14): warning C4244: 'initializing': conversion from 'real_t' to 'int', possible loss of data
C:\Users\Frederick\source\repos\EcoGameGodot\src\ecogame.cpp(332,14): warning C4244: 'initializing': conversion from 'real_t' to 'int', possible loss of data
C:\Users\Frederick\source\repos\EcoGameGodot\src\ecogame.cpp(340,70): warning C4244: 'argument': conversion from 'int' to 'real_t', possible loss of data
C:\Users\Frederick\source\repos\EcoGameGodot\src\ecogame.cpp(340,53): warning C4244: 'argument': conversion from 'int' to 'real_t', possible loss of data
C:\Users\Frederick\source\repos\EcoGameGodot\src\ecogame.cpp(340,36): warning C4244: 'argument': conversion from 'int' to 'real_t', possible loss of data
C:\Users\Frederick\source\repos\EcoGameGodot\src\ecogame.cpp(341,70): warning C4244: 'argument': conversion from 'int' to 'real_t', possible loss of data
C:\Users\Frederick\source\repos\EcoGameGodot\src\ecogame.cpp(341,53): warning C4244: 'argument': conversion from 'int' to 'real_t', possible loss of data
C:\Users\Frederick\source\repos\EcoGameGodot\src\ecogame.cpp(341,36): warning C4244: 'argument': conversion from 'int' to 'real_t', possible loss of data
C:\Users\Frederick\source\repos\EcoGameGodot\src\ecogame.cpp(342,70): warning C4244: 'argument': conversion from 'int' to 'real_t', possible loss of data
C:\Users\Frederick\source\repos\EcoGameGodot\src\ecogame.cpp(342,53): warning C4244: 'argument': conversion from 'int' to 'real_t', possible loss of data
C:\Users\Frederick\source\repos\EcoGameGodot\src\ecogame.cpp(342,36): warning C4244: 'argument': conversion from 'int' to 'real_t', possible loss of data
C:\Users\Frederick\source\repos\EcoGameGodot\src\ecogame.cpp(343,70): warning C4244: 'argument': conversion from 'int' to 'real_t', possible loss of data
C:\Users\Frederick\source\repos\EcoGameGodot\src\ecogame.cpp(343,53): warning C4244: 'argument': conversion from 'int' to 'real_t', possible loss of data
C:\Users\Frederick\source\repos\EcoGameGodot\src\ecogame.cpp(343,36): warning C4244: 'argument': conversion from 'int' to 'real_t', possible loss of data
C:\Users\Frederick\source\repos\EcoGameGodot\src\ecogame.cpp(346,70): warning C4244: 'argument': conversion from 'int' to 'real_t', possible loss of data
C:\Users\Frederick\source\repos\EcoGameGodot\src\ecogame.cpp(346,53): warning C4244: 'argument': conversion from 'int' to 'real_t', possible loss of data
C:\Users\Frederick\source\repos\EcoGameGodot\src\ecogame.cpp(346,36): warning C4244: 'argument': conversion from 'int' to 'real_t', possible loss of data
C:\Users\Frederick\source\repos\EcoGameGodot\src\ecogame.cpp(347,70): warning C4244: 'argument': conversion from 'int' to 'real_t', possible loss of data
C:\Users\Frederick\source\repos\EcoGameGodot\src\ecogame.cpp(347,53): warning C4244: 'argument': conversion from 'int' to 'real_t', possible loss of data
C:\Users\Frederick\source\repos\EcoGameGodot\src\ecogame.cpp(347,36): warning C4244: 'argument': conversion from 'int' to 'real_t', possible loss of data
C:\Users\Frederick\source\repos\EcoGameGodot\src\ecogame.cpp(348,70): warning C4244: 'argument': conversion from 'int' to 'real_t', possible loss of data
C:\Users\Frederick\source\repos\EcoGameGodot\src\ecogame.cpp(348,53): warning C4244: 'argument': conversion from 'int' to 'real_t', possible loss of data
C:\Users\Frederick\source\repos\EcoGameGodot\src\ecogame.cpp(348,36): warning C4244: 'argument': conversion from 'int' to 'real_t', possible loss of data
C:\Users\Frederick\source\repos\EcoGameGodot\src\ecogame.cpp(349,70): warning C4244: 'argument': conversion from 'int' to 'real_t', possible loss of data
C:\Users\Frederick\source\repos\EcoGameGodot\src\ecogame.cpp(349,53): warning C4244: 'argument': conversion from 'int' to 'real_t', possible loss of data
C:\Users\Frederick\source\repos\EcoGameGodot\src\ecogame.cpp(349,36): warning C4244: 'argument': conversion from 'int' to 'real_t', possible loss of data
C:\Users\Frederick\source\repos\EcoGameGodot\src\ecogame.cpp(359,10): warning C4244: 'initializing': conversion from 'double' to 'float', possible loss of data
C:\Users\Frederick\source\repos\EcoGameGodot\src\ecogame.cpp(360,10): warning C4244: 'initializing': conversion from 'double' to 'float', possible loss of data
C:\Users\Frederick\source\repos\EcoGameGodot\src\ecogame.cpp(367,14): warning C4244: 'initializing': conversion from 'real_t' to 'int', possible loss of data
C:\Users\Frederick\source\repos\EcoGameGodot\src\ecogame.cpp(368,14): warning C4244: 'initializing': conversion from 'real_t' to 'int', possible loss of data
C:\Users\Frederick\source\repos\EcoGameGodot\src\ecogame.cpp(369,14): warning C4244: 'initializing': conversion from 'real_t' to 'int', possible loss of data
C:\Users\Frederick\source\repos\EcoGameGodot\src\ecogame.cpp(377,70): warning C4244: 'argument': conversion from 'int' to 'real_t', possible loss of data
C:\Users\Frederick\source\repos\EcoGameGodot\src\ecogame.cpp(377,53): warning C4244: 'argument': conversion from 'int' to 'real_t', possible loss of data
C:\Users\Frederick\source\repos\EcoGameGodot\src\ecogame.cpp(377,36): warning C4244: 'argument': conversion from 'int' to 'real_t', possible loss of data
C:\Users\Frederick\source\repos\EcoGameGodot\src\ecogame.cpp(378,70): warning C4244: 'argument': conversion from 'int' to 'real_t', possible loss of data
C:\Users\Frederick\source\repos\EcoGameGodot\src\ecogame.cpp(378,53): warning C4244: 'argument': conversion from 'int' to 'real_t', possible loss of data
C:\Users\Frederick\source\repos\EcoGameGodot\src\ecogame.cpp(378,36): warning C4244: 'argument': conversion from 'int' to 'real_t', possible loss of data
C:\Users\Frederick\source\repos\EcoGameGodot\src\ecogame.cpp(379,70): warning C4244: 'argument': conversion from 'int' to 'real_t', possible loss of data
C:\Users\Frederick\source\repos\EcoGameGodot\src\ecogame.cpp(379,53): warning C4244: 'argument': conversion from 'int' to 'real_t', possible loss of data
C:\Users\Frederick\source\repos\EcoGameGodot\src\ecogame.cpp(379,36): warning C4244: 'argument': conversion from 'int' to 'real_t', possible loss of data
C:\Users\Frederick\source\repos\EcoGameGodot\src\ecogame.cpp(380,70): warning C4244: 'argument': conversion from 'int' to 'real_t', possible loss of data
C:\Users\Frederick\source\repos\EcoGameGodot\src\ecogame.cpp(380,53): warning C4244: 'argument': conversion from 'int' to 'real_t', possible loss of data
C:\Users\Frederick\source\repos\EcoGameGodot\src\ecogame.cpp(380,36): warning C4244: 'argument': conversion from 'int' to 'real_t', possible loss of data
C:\Users\Frederick\source\repos\EcoGameGodot\src\ecogame.cpp(383,70): warning C4244: 'argument': conversion from 'int' to 'real_t', possible loss of data
C:\Users\Frederick\source\repos\EcoGameGodot\src\ecogame.cpp(383,53): warning C4244: 'argument': conversion from 'int' to 'real_t', possible loss of data
C:\Users\Frederick\source\repos\EcoGameGodot\src\ecogame.cpp(383,36): warning C4244: 'argument': conversion from 'int' to 'real_t', possible loss of data
C:\Users\Frederick\source\repos\EcoGameGodot\src\ecogame.cpp(384,70): warning C4244: 'argument': conversion from 'int' to 'real_t', possible loss of data
C:\Users\Frederick\source\repos\EcoGameGodot\src\ecogame.cpp(384,53): warning C4244: 'argument': conversion from 'int' to 'real_t', possible loss of data
C:\Users\Frederick\source\repos\EcoGameGodot\src\ecogame.cpp(384,36): warning C4244: 'argument': conversion from 'int' to 'real_t', possible loss of data
C:\Users\Frederick\source\repos\EcoGameGodot\src\ecogame.cpp(385,70): warning C4244: 'argument': conversion from 'int' to 'real_t', possible loss of data
C:\Users\Frederick\source\repos\EcoGameGodot\src\ecogame.cpp(385,53): warning C4244: 'argument': conversion from 'int' to 'real_t', possible loss of data
C:\Users\Frederick\source\repos\EcoGameGodot\src\ecogame.cpp(385,36): warning C4244: 'argument': conversion from 'int' to 'real_t', possible loss of data
C:\Users\Frederick\source\repos\EcoGameGodot\src\ecogame.cpp(386,70): warning C4244: 'argument': conversion from 'int' to 'real_t', possible loss of data
C:\Users\Frederick\source\repos\EcoGameGodot\src\ecogame.cpp(386,53): warning C4244: 'argument': conversion from 'int' to 'real_t', possible loss of data
C:\Users\Frederick\source\repos\EcoGameGodot\src\ecogame.cpp(386,36): warning C4244: 'argument': conversion from 'int' to 'real_t', possible loss of data
C:\Users\Frederick\source\repos\EcoGameGodot\src\ecogame.cpp(396,10): warning C4244: 'initializing': conversion from 'double' to 'float', possible loss of data
C:\Users\Frederick\source\repos\EcoGameGodot\src\ecogame.cpp(397,10): warning C4244: 'initializing': conversion from 'double' to 'float', possible loss of data
C:\Users\Frederick\source\repos\EcoGameGodot\src\ecogame.cpp(404,14): warning C4244: 'initializing': conversion from 'real_t' to 'int', possible loss of data
C:\Users\Frederick\source\repos\EcoGameGodot\src\ecogame.cpp(405,14): warning C4244: 'initializing': conversion from 'real_t' to 'int', possible loss of data
C:\Users\Frederick\source\repos\EcoGameGodot\src\ecogame.cpp(406,14): warning C4244: 'initializing': conversion from 'real_t' to 'int', possible loss of data
C:\Users\Frederick\source\repos\EcoGameGodot\src\ecogame.cpp(414,70): warning C4244: 'argument': conversion from 'int' to 'real_t', possible loss of data
C:\Users\Frederick\source\repos\EcoGameGodot\src\ecogame.cpp(414,53): warning C4244: 'argument': conversion from 'int' to 'real_t', possible loss of data
C:\Users\Frederick\source\repos\EcoGameGodot\src\ecogame.cpp(414,36): warning C4244: 'argument': conversion from 'int' to 'real_t', possible loss of data
C:\Users\Frederick\source\repos\EcoGameGodot\src\ecogame.cpp(415,70): warning C4244: 'argument': conversion from 'int' to 'real_t', possible loss of data
C:\Users\Frederick\source\repos\EcoGameGodot\src\ecogame.cpp(415,53): warning C4244: 'argument': conversion from 'int' to 'real_t', possible loss of data
C:\Users\Frederick\source\repos\EcoGameGodot\src\ecogame.cpp(415,36): warning C4244: 'argument': conversion from 'int' to 'real_t', possible loss of data
C:\Users\Frederick\source\repos\EcoGameGodot\src\ecogame.cpp(416,70): warning C4244: 'argument': conversion from 'int' to 'real_t', possible loss of data
C:\Users\Frederick\source\repos\EcoGameGodot\src\ecogame.cpp(416,53): warning C4244: 'argument': conversion from 'int' to 'real_t', possible loss of data
C:\Users\Frederick\source\repos\EcoGameGodot\src\ecogame.cpp(416,36): warning C4244: 'argument': conversion from 'int' to 'real_t', possible loss of data
C:\Users\Frederick\source\repos\EcoGameGodot\src\ecogame.cpp(417,70): warning C4244: 'argument': conversion from 'int' to 'real_t', possible loss of data
C:\Users\Frederick\source\repos\EcoGameGodot\src\ecogame.cpp(417,53): warning C4244: 'argument': conversion from 'int' to 'real_t', possible loss of data
C:\Users\Frederick\source\repos\EcoGameGodot\src\ecogame.cpp(417,36): warning C4244: 'argument': conversion from 'int' to 'real_t', possible loss of data
C:\Users\Frederick\source\repos\EcoGameGodot\src\ecogame.cpp(420,70): warning C4244: 'argument': conversion from 'int' to 'real_t', possible loss of data
C:\Users\Frederick\source\repos\EcoGameGodot\src\ecogame.cpp(420,53): warning C4244: 'argument': conversion from 'int' to 'real_t', possible loss of data
C:\Users\Frederick\source\repos\EcoGameGodot\src\ecogame.cpp(420,36): warning C4244: 'argument': conversion from 'int' to 'real_t', possible loss of data
C:\Users\Frederick\source\repos\EcoGameGodot\src\ecogame.cpp(421,70): warning C4244: 'argument': conversion from 'int' to 'real_t', possible loss of data
C:\Users\Frederick\source\repos\EcoGameGodot\src\ecogame.cpp(421,53): warning C4244: 'argument': conversion from 'int' to 'real_t', possible loss of data
C:\Users\Frederick\source\repos\EcoGameGodot\src\ecogame.cpp(421,36): warning C4244: 'argument': conversion from 'int' to 'real_t', possible loss of data
C:\Users\Frederick\source\repos\EcoGameGodot\src\ecogame.cpp(422,70): warning C4244: 'argument': conversion from 'int' to 'real_t', possible loss of data
C:\Users\Frederick\source\repos\EcoGameGodot\src\ecogame.cpp(422,53): warning C4244: 'argument': conversion from 'int' to 'real_t', possible loss of data
C:\Users\Frederick\source\repos\EcoGameGodot\src\ecogame.cpp(422,36): warning C4244: 'argument': conversion from 'int' to 'real_t', possible loss of data
C:\Users\Frederick\source\repos\EcoGameGodot\src\ecogame.cpp(423,70): warning C4244: 'argument': conversion from 'int' to 'real_t', possible loss of data
C:\Users\Frederick\source\repos\EcoGameGodot\src\ecogame.cpp(423,53): warning C4244: 'argument': conversion from 'int' to 'real_t', possible loss of data
C:\Users\Frederick\source\repos\EcoGameGodot\src\ecogame.cpp(423,36): warning C4244: 'argument': conversion from 'int' to 'real_t', possible loss of data
C:\Users\Frederick\source\repos\EcoGameGodot\src\ecogame.cpp(433,10): warning C4244: 'initializing': conversion from 'double' to 'float', possible loss of data
C:\Users\Frederick\source\repos\EcoGameGodot\src\ecogame.cpp(434,10): warning C4244: 'initializing': conversion from 'double' to 'float', possible loss of data
C:\Users\Frederick\source\repos\EcoGameGodot\src\ecogame.cpp(441,14): warning C4244: 'initializing': conversion from 'real_t' to 'int', possible loss of data
C:\Users\Frederick\source\repos\EcoGameGodot\src\ecogame.cpp(442,14): warning C4244: 'initializing': conversion from 'real_t' to 'int', possible loss of data
C:\Users\Frederick\source\repos\EcoGameGodot\src\ecogame.cpp(443,14): warning C4244: 'initializing': conversion from 'real_t' to 'int', possible loss of data
C:\Users\Frederick\source\repos\EcoGameGodot\src\ecogame.cpp(451,70): warning C4244: 'argument': conversion from 'int' to 'real_t', possible loss of data
C:\Users\Frederick\source\repos\EcoGameGodot\src\ecogame.cpp(451,53): warning C4244: 'argument': conversion from 'int' to 'real_t', possible loss of data
C:\Users\Frederick\source\repos\EcoGameGodot\src\ecogame.cpp(451,36): warning C4244: 'argument': conversion from 'int' to 'real_t', possible loss of data
C:\Users\Frederick\source\repos\EcoGameGodot\src\ecogame.cpp(452,70): warning C4244: 'argument': conversion from 'int' to 'real_t', possible loss of data
C:\Users\Frederick\source\repos\EcoGameGodot\src\ecogame.cpp(452,53): warning C4244: 'argument': conversion from 'int' to 'real_t', possible loss of data
C:\Users\Frederick\source\repos\EcoGameGodot\src\ecogame.cpp(452,36): warning C4244: 'argument': conversion from 'int' to 'real_t', possible loss of data
C:\Users\Frederick\source\repos\EcoGameGodot\src\ecogame.cpp(453,70): warning C4244: 'argument': conversion from 'int' to 'real_t', possible loss of data
C:\Users\Frederick\source\repos\EcoGameGodot\src\ecogame.cpp(453,53): warning C4244: 'argument': conversion from 'int' to 'real_t', possible loss of data
C:\Users\Frederick\source\repos\EcoGameGodot\src\ecogame.cpp(453,36): warning C4244: 'argument': conversion from 'int' to 'real_t', possible loss of data
C:\Users\Frederick\source\repos\EcoGameGodot\src\ecogame.cpp(454,70): warning C4244: 'argument': conversion from 'int' to 'real_t', possible loss of data
C:\Users\Frederick\source\repos\EcoGameGodot\src\ecogame.cpp(454,53): warning C4244: 'argument': conversion from 'int' to 'real_t', possible loss of data
C:\Users\Frederick\source\repos\EcoGameGodot\src\ecogame.cpp(454,36): warning C4244: 'argument': conversion from 'int' to 'real_t', possible loss of data
C:\Users\Frederick\source\repos\EcoGameGodot\src\ecogame.cpp(457,70): warning C4244: 'argument': conversion from 'int' to 'real_t', possible loss of data
C:\Users\Frederick\source\repos\EcoGameGodot\src\ecogame.cpp(457,53): warning C4244: 'argument': conversion from 'int' to 'real_t', possible loss of data
C:\Users\Frederick\source\repos\EcoGameGodot\src\ecogame.cpp(457,36): warning C4244: 'argument': conversion from 'int' to 'real_t', possible loss of data
C:\Users\Frederick\source\repos\EcoGameGodot\src\ecogame.cpp(458,70): warning C4244: 'argument': conversion from 'int' to 'real_t', possible loss of data
C:\Users\Frederick\source\repos\EcoGameGodot\src\ecogame.cpp(458,53): warning C4244: 'argument': conversion from 'int' to 'real_t', possible loss of data
C:\Users\Frederick\source\repos\EcoGameGodot\src\ecogame.cpp(458,36): warning C4244: 'argument': conversion from 'int' to 'real_t', possible loss of data
C:\Users\Frederick\source\repos\EcoGameGodot\src\ecogame.cpp(459,70): warning C4244: 'argument': conversion from 'int' to 'real_t', possible loss of data
C:\Users\Frederick\source\repos\EcoGameGodot\src\ecogame.cpp(459,53): warning C4244: 'argument': conversion from 'int' to 'real_t', possible loss of data
C:\Users\Frederick\source\repos\EcoGameGodot\src\ecogame.cpp(459,36): warning C4244: 'argument': conversion from 'int' to 'real_t', possible loss of data
C:\Users\Frederick\source\repos\EcoGameGodot\src\ecogame.cpp(460,70): warning C4244: 'argument': conversion from 'int' to 'real_t', possible loss of data
C:\Users\Frederick\source\repos\EcoGameGodot\src\ecogame.cpp(460,53): warning C4244: 'argument': conversion from 'int' to 'real_t', possible loss of data
C:\Users\Frederick\source\repos\EcoGameGodot\src\ecogame.cpp(460,36): warning C4244: 'argument': conversion from 'int' to 'real_t', possible loss of data
  EcoGame.vcxproj -> C:\Users\Frederick\source\repos\EcoGameGodot\\ecogame\bin\x64\EcoGame.dll
